::1 - - [26/Nov/2019:14:28:22 +0000] "GET /api/products HTTP/1.1" 200 2970
::1 - - [26/Nov/2019:14:28:36 +0000] "POST /api/users HTTP/1.1" 200 261
::1 - - [26/Nov/2019:14:29:04 +0000] "GET /api/products HTTP/1.1" 200 2970
::1 - - [26/Nov/2019:14:29:07 +0000] "GET /api/products HTTP/1.1" 200 2970
::1 - - [26/Nov/2019:14:29:09 +0000] "GET /api/products HTTP/1.1" 200 2970
::1 - - [26/Nov/2019:14:29:34 +0000] "POST /api/users/authenticate HTTP/1.1" 200 247
::1 - - [26/Nov/2019:14:29:55 +0000] "GET /api/products HTTP/1.1" 200 2970
::1 - - [26/Nov/2019:14:30:01 +0000] "GET /api/products HTTP/1.1" 200 2970
::1 - - [26/Nov/2019:14:30:03 +0000] "GET /api/products HTTP/1.1" 200 2970
::1 - - [26/Nov/2019:17:12:40 +0000] "GET /api/products HTTP/1.1" 200 2970
::1 - - [26/Nov/2019:17:13:17 +0000] "GET /api/products HTTP/1.1" 200 2970
::1 - - [26/Nov/2019:17:13:26 +0000] "GET /api/products HTTP/1.1" 200 2970
::1 - - [26/Nov/2019:17:13:27 +0000] "GET /api/products HTTP/1.1" 200 2970
::1 - - [26/Nov/2019:17:13:56 +0000] "POST /api/users/authenticate HTTP/1.1" 200 49
::1 - - [26/Nov/2019:17:14:02 +0000] "POST /api/users/authenticate HTTP/1.1" 200 262
::1 - - [26/Nov/2019:17:14:11 +0000] "GET /api/products HTTP/1.1" 200 2970
::1 - - [26/Nov/2019:17:14:18 +0000] "GET /api/products HTTP/1.1" 200 2970
::1 - - [26/Nov/2019:17:14:18 +0000] "GET /api/products HTTP/1.1" 200 2970
::1 - - [26/Nov/2019:17:14:20 +0000] "GET /api/products HTTP/1.1" 200 2970
::1 - - [26/Nov/2019:17:14:34 +0000] "POST /api/users/authenticate HTTP/1.1" 200 262
::1 - - [26/Nov/2019:17:16:27 +0000] "GET /api/products HTTP/1.1" 200 2970
::1 - - [26/Nov/2019:17:16:33 +0000] "GET /api/products HTTP/1.1" 200 2970
::1 - - [26/Nov/2019:17:16:35 +0000] "GET /api/products HTTP/1.1" 200 2970
::1 - - [26/Nov/2019:17:16:45 +0000] "POST /api/users/authenticate HTTP/1.1" 200 262
::1 - - [26/Nov/2019:17:20:27 +0000] "GET /api/products HTTP/1.1" 200 2970
::1 - - [26/Nov/2019:17:20:32 +0000] "GET /api/products HTTP/1.1" 200 2970
::1 - - [26/Nov/2019:17:20:47 +0000] "GET /api/products HTTP/1.1" 200 2970
::1 - - [26/Nov/2019:17:20:58 +0000] "GET /api/products HTTP/1.1" 200 2970
::1 - - [26/Nov/2019:17:21:05 +0000] "GET /api/products HTTP/1.1" 200 2970
::1 - - [26/Nov/2019:17:21:06 +0000] "GET /api/products HTTP/1.1" 200 2970
::1 - - [26/Nov/2019:17:25:55 +0000] "POST /api/users/authenticate HTTP/1.1" 200 262
::1 - - [26/Nov/2019:17:26:02 +0000] "GET /api/products HTTP/1.1" 200 2970
::1 - - [26/Nov/2019:17:26:10 +0000] "GET /api/products HTTP/1.1" 200 2970
::1 - - [26/Nov/2019:17:26:10 +0000] "GET /api/products HTTP/1.1" 200 2970
::1 - - [26/Nov/2019:17:26:12 +0000] "GET /api/products HTTP/1.1" 200 2970
::1 - - [26/Nov/2019:17:26:35 +0000] "POST /api/users/authenticate HTTP/1.1" 200 262
::1 - - [26/Nov/2019:17:26:47 +0000] "GET /api/products HTTP/1.1" 200 2970
::1 - - [26/Nov/2019:17:26:54 +0000] "GET /api/products HTTP/1.1" 200 2970
::1 - - [26/Nov/2019:17:26:55 +0000] "GET /api/products HTTP/1.1" 200 2970
::1 - - [26/Nov/2019:17:28:52 +0000] "POST /api/users/authenticate HTTP/1.1" 200 262
::1 - - [26/Nov/2019:19:35:19 +0000] "GET /api/products HTTP/1.1" 200 2970
::1 - - [26/Nov/2019:19:35:40 +0000] "POST /api/users/authenticate HTTP/1.1" 200 262
::1 - - [26/Nov/2019:19:36:12 +0000] "GET /api/products HTTP/1.1" 200 2970
::1 - - [26/Nov/2019:19:36:21 +0000] "GET /api/products HTTP/1.1" 200 2970
::1 - - [26/Nov/2019:19:36:42 +0000] "POST /api/users/authenticate HTTP/1.1" 200 262
::1 - - [26/Nov/2019:19:37:47 +0000] "GET /api/products HTTP/1.1" 200 2970
::1 - - [26/Nov/2019:19:38:35 +0000] "GET /api/products HTTP/1.1" 200 2970
::1 - - [26/Nov/2019:19:39:23 +0000] "GET /api/products HTTP/1.1" 200 2970
::1 - - [26/Nov/2019:19:39:28 +0000] "GET /api/products HTTP/1.1" 200 2970
::1 - - [26/Nov/2019:19:39:38 +0000] "GET /api/products HTTP/1.1" 200 2970
::1 - - [26/Nov/2019:19:39:43 +0000] "GET /api/products HTTP/1.1" 200 2970
::1 - - [26/Nov/2019:19:40:05 +0000] "GET /api/products HTTP/1.1" 200 2970
::1 - - [26/Nov/2019:19:40:23 +0000] "GET /api/products HTTP/1.1" 200 2970
::1 - - [26/Nov/2019:19:40:30 +0000] "GET /api/products HTTP/1.1" 200 2970
::1 - - [26/Nov/2019:19:40:30 +0000] "GET /api/products HTTP/1.1" 200 2970
::1 - - [26/Nov/2019:19:40:32 +0000] "GET /api/products HTTP/1.1" 200 2970
::1 - - [26/Nov/2019:19:41:20 +0000] "GET /api/products HTTP/1.1" 200 2970
::1 - - [26/Nov/2019:19:41:46 +0000] "GET /api/products HTTP/1.1" 200 2970
::1 - - [26/Nov/2019:19:41:53 +0000] "GET /api/products HTTP/1.1" 200 2970
::1 - - [26/Nov/2019:19:42:25 +0000] "POST /api/users/authenticate HTTP/1.1" 200 262
::1 - - [26/Nov/2019:19:42:49 +0000] "GET /api/products HTTP/1.1" 200 2970
::1 - - [26/Nov/2019:19:42:56 +0000] "GET /api/products HTTP/1.1" 200 2970
::1 - - [26/Nov/2019:19:42:58 +0000] "GET /api/products HTTP/1.1" 200 2970
::1 - - [26/Nov/2019:19:56:21 +0000] "GET /api/products HTTP/1.1" 200 2970
::1 - - [26/Nov/2019:19:59:07 +0000] "GET /api/products HTTP/1.1" 200 2970
::1 - - [26/Nov/2019:19:59:32 +0000] "POST /api/users/authenticate HTTP/1.1" 200 262
::1 - - [26/Nov/2019:20:01:57 +0000] "GET /api/products HTTP/1.1" 200 2970
::1 - - [26/Nov/2019:20:02:06 +0000] "POST /api/users/authenticate HTTP/1.1" 200 262
::1 - - [26/Nov/2019:20:02:25 +0000] "GET /api/products HTTP/1.1" 200 2970
::1 - - [26/Nov/2019:20:02:37 +0000] "POST /api/users/authenticate HTTP/1.1" 200 262
::1 - - [26/Nov/2019:20:03:27 +0000] "GET /api/products HTTP/1.1" 200 2970
::1 - - [26/Nov/2019:20:03:43 +0000] "POST /api/users/authenticate HTTP/1.1" 200 262
::1 - - [26/Nov/2019:20:03:59 +0000] "GET /api/products HTTP/1.1" 200 2970
::1 - - [26/Nov/2019:20:04:05 +0000] "GET /api/products HTTP/1.1" 200 2970
::1 - - [26/Nov/2019:20:04:06 +0000] "GET /api/products HTTP/1.1" - -
::1 - - [26/Nov/2019:20:04:07 +0000] "GET /api/products HTTP/1.1" 200 2970
::1 - - [26/Nov/2019:20:41:16 +0000] "GET /api/products HTTP/1.1" 200 2970
::1 - - [26/Nov/2019:20:41:21 +0000] "POST /api/users/authenticate HTTP/1.1" 200 262
::1 - - [26/Nov/2019:20:42:00 +0000] "GET /api/products HTTP/1.1" 200 2970
::1 - - [26/Nov/2019:20:42:07 +0000] "GET /api/products HTTP/1.1" 200 2970
::1 - - [26/Nov/2019:20:42:09 +0000] "GET /api/products HTTP/1.1" 200 2970
::1 - - [30/Nov/2019:20:40:48 +0000] "GET /api/products HTTP/1.1" 200 2970
::1 - - [30/Nov/2019:20:40:56 +0000] "POST /api/users/authenticate HTTP/1.1" 200 262
::1 - - [30/Nov/2019:20:52:55 +0000] "GET /api/products HTTP/1.1" 304 -
::1 - - [30/Nov/2019:20:53:07 +0000] "POST /api/users/authenticate HTTP/1.1" 200 262
::1 - - [02/Dec/2019:17:32:11 +0000] "GET /api/products HTTP/1.1" 200 2970
::1 - - [02/Dec/2019:17:32:22 +0000] "POST /api/users/authenticate HTTP/1.1" 200 262
::1 - - [02/Dec/2019:17:32:34 +0000] "GET /api/products HTTP/1.1" 200 2970
::1 - - [02/Dec/2019:17:32:37 +0000] "GET /api/products HTTP/1.1" 200 2970
::1 - - [02/Dec/2019:17:33:30 +0000] "POST /api/users/authenticate HTTP/1.1" 200 262
